<?xml version="1.0" encoding="UTF-8"?>
<testng-results skipped="0" failed="0" total="0" passed="0">
  <reporter-output>
  </reporter-output>
  <suite name="org.wso2.support.GenerateTest" duration-ms="3" started-at="2017-03-19T05:35:57Z" finished-at="2017-03-19T05:35:57Z">
    <groups>
    </groups>
    <test name="Command line test" duration-ms="3" started-at="2017-03-19T05:35:57Z" finished-at="2017-03-19T05:35:57Z">
    </test> <!-- Command line test -->
  </suite> <!-- org.wso2.support.GenerateTest -->
</testng-results>
